[16Nov2021 17:33:12.175] [main/INFO] [cpw.mods.modlauncher.Launcher/MODLAUNCHER]: ModLauncher running: args [--gameDir, ., --launchTarget, fmluserdevclient, --fml.mcpVersion, 20201102.104115, --fml.mcVersion, 1.16.4, --fml.forgeGroup, net.minecraftforge, --fml.forgeVersion, 35.1.4, --version, MOD_DEV, --assetIndex, 1.16, --assetsDir, C:\Users\Evan\.gradle\caches\forge_gradle\assets, --username, Dev, --accessToken, ????????, --userProperties, {}]
[16Nov2021 17:33:12.178] [main/INFO] [cpw.mods.modlauncher.Launcher/MODLAUNCHER]: ModLauncher 8.0.6+85+master.325de55 starting: java version 1.8.0_302 by Temurin
[16Nov2021 17:33:12.502] [main/INFO] [net.minecraftforge.fml.loading.FixSSL/CORE]: Added Lets Encrypt root certificates as additional trust
[16Nov2021 17:33:12.533] [main/INFO] [mixin/]: SpongePowered MIXIN Subsystem Version=0.8.2 Source=file:/C:/Users/Evan/.gradle/caches/modules-2/files-2.1/org.spongepowered/mixin/0.8.2/1cf212283d26f706fd3074318870bebd14d2a9ed/mixin-0.8.2.jar Service=ModLauncher Env=CLIENT
[16Nov2021 17:33:13.917] [main/INFO] [cpw.mods.modlauncher.LaunchServiceHandler/MODLAUNCHER]: Launching target 'fmluserdevclient' with arguments [--version, MOD_DEV, --gameDir, ., --assetsDir, C:\Users\Evan\.gradle\caches\forge_gradle\assets, --assetIndex, 1.16, --username, Dev, --accessToken, ????????, --userProperties, {}]
[16Nov2021 17:33:17.826] [Render thread/INFO] [com.mojang.authlib.yggdrasil.YggdrasilAuthenticationService/]: Environment: authHost='https://authserver.mojang.com', accountsHost='https://api.mojang.com', sessionHost='https://sessionserver.mojang.com', servicesHost='https://api.minecraftservices.com', name='PROD'
[16Nov2021 17:33:18.421] [Render thread/ERROR] [net.minecraft.client.Minecraft/]: Failed to verify authentication
com.mojang.authlib.exceptions.AuthenticationUnavailableException: null
	at com.mojang.authlib.yggdrasil.YggdrasilSocialInteractionsService.checkPrivileges(YggdrasilSocialInteractionsService.java:97) ~[authlib-2.1.28.jar:?]
	at com.mojang.authlib.yggdrasil.YggdrasilSocialInteractionsService.<init>(YggdrasilSocialInteractionsService.java:40) ~[authlib-2.1.28.jar:?]
	at com.mojang.authlib.yggdrasil.YggdrasilAuthenticationService.createSocialInteractionsService(YggdrasilAuthenticationService.java:152) ~[authlib-2.1.28.jar:?]
	at net.minecraft.client.Minecraft.func_244735_a(Minecraft.java:556) ~[forge-1.16.4-35.1.4_mapped_snapshot_20201028-1.16.3-recomp.jar:?]
	at net.minecraft.client.Minecraft.<init>(Minecraft.java:388) ~[forge-1.16.4-35.1.4_mapped_snapshot_20201028-1.16.3-recomp.jar:?]
	at net.minecraft.client.main.Main.main(Main.java:149) ~[forge-1.16.4-35.1.4_mapped_snapshot_20201028-1.16.3-recomp.jar:?]
	at sun.reflect.NativeMethodAccessorImpl.invoke0(Native Method) ~[?:1.8.0_302]
	at sun.reflect.NativeMethodAccessorImpl.invoke(NativeMethodAccessorImpl.java:62) ~[?:1.8.0_302]
	at sun.reflect.DelegatingMethodAccessorImpl.invoke(DelegatingMethodAccessorImpl.java:43) ~[?:1.8.0_302]
	at java.lang.reflect.Method.invoke(Method.java:498) ~[?:1.8.0_302]
	at net.minecraftforge.userdev.FMLUserdevClientLaunchProvider.lambda$launchService$0(FMLUserdevClientLaunchProvider.java:52) ~[forge-1.16.4-35.1.4_mapped_snapshot_20201028-1.16.3-recomp.jar:?]
	at cpw.mods.modlauncher.LaunchServiceHandlerDecorator.launch(LaunchServiceHandlerDecorator.java:37) [modlauncher-8.0.6.jar:?]
	at cpw.mods.modlauncher.LaunchServiceHandler.launch(LaunchServiceHandler.java:54) [modlauncher-8.0.6.jar:?]
	at cpw.mods.modlauncher.LaunchServiceHandler.launch(LaunchServiceHandler.java:72) [modlauncher-8.0.6.jar:?]
	at cpw.mods.modlauncher.Launcher.run(Launcher.java:82) [modlauncher-8.0.6.jar:?]
	at cpw.mods.modlauncher.Launcher.main(Launcher.java:66) [modlauncher-8.0.6.jar:?]
	at net.minecraftforge.userdev.LaunchTesting.main(LaunchTesting.java:105) [forge-1.16.4-35.1.4_mapped_snapshot_20201028-1.16.3-recomp.jar:?]
[16Nov2021 17:33:18.431] [Render thread/INFO] [net.minecraft.client.Minecraft/]: Setting user: Dev
[16Nov2021 17:33:18.527] [Render thread/INFO] [net.minecraft.client.Minecraft/]: Backend library: LWJGL version 3.2.2 build 10
[16Nov2021 17:33:19.121] [Render thread/FATAL] [net.minecraftforge.fml.ModLoader/CORE]: Failed to initialize mod containers
net.minecraftforge.fml.ModLoadingException: mods.toml missing metadata for modid FunnySquirrel
	at net.minecraftforge.fml.ModLoader.lambda$buildModContainerFromTOML$32(ModLoader.java:295) ~[forge-1.16.4-35.1.4_mapped_snapshot_20201028-1.16.3-recomp.jar:?]
	at java.util.Optional.orElseThrow(Optional.java:290) ~[?:1.8.0_302]
	at net.minecraftforge.fml.ModLoader.buildModContainerFromTOML(ModLoader.java:295) ~[forge-1.16.4-35.1.4_mapped_snapshot_20201028-1.16.3-recomp.jar:?]
	at net.minecraftforge.fml.ModLoader.lambda$buildMods$29(ModLoader.java:275) ~[forge-1.16.4-35.1.4_mapped_snapshot_20201028-1.16.3-recomp.jar:?]
	at java.util.stream.ReferencePipeline$3$1.accept(ReferencePipeline.java:193) ~[?:1.8.0_302]
	at java.util.HashMap$EntrySpliterator.forEachRemaining(HashMap.java:1699) ~[?:1.8.0_302]
	at java.util.stream.AbstractPipeline.copyInto(AbstractPipeline.java:482) ~[?:1.8.0_302]
	at java.util.stream.AbstractPipeline.wrapAndCopyInto(AbstractPipeline.java:472) ~[?:1.8.0_302]
	at java.util.stream.ReduceOps$ReduceOp.evaluateSequential(ReduceOps.java:708) ~[?:1.8.0_302]
	at java.util.stream.AbstractPipeline.evaluate(AbstractPipeline.java:234) ~[?:1.8.0_302]
	at java.util.stream.ReferencePipeline.collect(ReferencePipeline.java:566) ~[?:1.8.0_302]
	at net.minecraftforge.fml.ModLoader.buildMods(ModLoader.java:277) ~[forge-1.16.4-35.1.4_mapped_snapshot_20201028-1.16.3-recomp.jar:?]
	at net.minecraftforge.fml.ModLoader.lambda$gatherAndInitializeMods$11(ModLoader.java:177) ~[forge-1.16.4-35.1.4_mapped_snapshot_20201028-1.16.3-recomp.jar:?]
	at java.util.stream.ReferencePipeline$3$1.accept(ReferencePipeline.java:193) ~[?:1.8.0_302]
	at java.util.stream.ReferencePipeline$3$1.accept(ReferencePipeline.java:193) ~[?:1.8.0_302]
	at java.util.ArrayList$ArrayListSpliterator.forEachRemaining(ArrayList.java:1384) ~[?:1.8.0_302]
	at java.util.stream.AbstractPipeline.copyInto(AbstractPipeline.java:482) ~[?:1.8.0_302]
	at java.util.stream.AbstractPipeline.wrapAndCopyInto(AbstractPipeline.java:472) ~[?:1.8.0_302]
	at java.util.stream.ReduceOps$ReduceOp.evaluateSequential(ReduceOps.java:708) ~[?:1.8.0_302]
	at java.util.stream.AbstractPipeline.evaluate(AbstractPipeline.java:234) ~[?:1.8.0_302]
	at java.util.stream.ReferencePipeline.collect(ReferencePipeline.java:566) ~[?:1.8.0_302]
	at net.minecraftforge.fml.ModLoader.gatherAndInitializeMods(ModLoader.java:179) ~[forge-1.16.4-35.1.4_mapped_snapshot_20201028-1.16.3-recomp.jar:?]
	at net.minecraftforge.fml.client.ClientModLoader.lambda$begin$1(ClientModLoader.java:103) ~[forge-1.16.4-35.1.4_mapped_snapshot_20201028-1.16.3-recomp.jar:?]
	at net.minecraftforge.fml.client.ClientModLoader.lambda$createRunnableWithCatch$4(ClientModLoader.java:123) ~[forge-1.16.4-35.1.4_mapped_snapshot_20201028-1.16.3-recomp.jar:?]
	at net.minecraftforge.fml.client.ClientModLoader.begin(ClientModLoader.java:103) ~[forge-1.16.4-35.1.4_mapped_snapshot_20201028-1.16.3-recomp.jar:?]
	at net.minecraft.client.Minecraft.<init>(Minecraft.java:442) ~[forge-1.16.4-35.1.4_mapped_snapshot_20201028-1.16.3-recomp.jar:?]
	at net.minecraft.client.main.Main.main(Main.java:149) ~[forge-1.16.4-35.1.4_mapped_snapshot_20201028-1.16.3-recomp.jar:?]
	at sun.reflect.NativeMethodAccessorImpl.invoke0(Native Method) ~[?:1.8.0_302]
	at sun.reflect.NativeMethodAccessorImpl.invoke(NativeMethodAccessorImpl.java:62) ~[?:1.8.0_302]
	at sun.reflect.DelegatingMethodAccessorImpl.invoke(DelegatingMethodAccessorImpl.java:43) ~[?:1.8.0_302]
	at java.lang.reflect.Method.invoke(Method.java:498) ~[?:1.8.0_302]
	at net.minecraftforge.userdev.FMLUserdevClientLaunchProvider.lambda$launchService$0(FMLUserdevClientLaunchProvider.java:52) ~[forge-1.16.4-35.1.4_mapped_snapshot_20201028-1.16.3-recomp.jar:?]
	at cpw.mods.modlauncher.LaunchServiceHandlerDecorator.launch(LaunchServiceHandlerDecorator.java:37) [modlauncher-8.0.6.jar:?]
	at cpw.mods.modlauncher.LaunchServiceHandler.launch(LaunchServiceHandler.java:54) [modlauncher-8.0.6.jar:?]
	at cpw.mods.modlauncher.LaunchServiceHandler.launch(LaunchServiceHandler.java:72) [modlauncher-8.0.6.jar:?]
	at cpw.mods.modlauncher.Launcher.run(Launcher.java:82) [modlauncher-8.0.6.jar:?]
	at cpw.mods.modlauncher.Launcher.main(Launcher.java:66) [modlauncher-8.0.6.jar:?]
	at net.minecraftforge.userdev.LaunchTesting.main(LaunchTesting.java:105) [forge-1.16.4-35.1.4_mapped_snapshot_20201028-1.16.3-recomp.jar:?]
[16Nov2021 17:33:19.232] [Render thread/ERROR] [net.minecraftforge.fml.ModLoader/]: Cowardly refusing to send event net.minecraftforge.client.event.sound.SoundLoadEvent to a broken mod state
[16Nov2021 17:33:19.362] [Render thread/ERROR] [net.minecraftforge.fml.ModLoader/]: Cowardly refusing to send event net.minecraftforge.client.event.ColorHandlerEvent$Block to a broken mod state
[16Nov2021 17:33:19.365] [Render thread/ERROR] [net.minecraftforge.fml.ModLoader/]: Cowardly refusing to send event net.minecraftforge.client.event.ColorHandlerEvent$Item to a broken mod state
[16Nov2021 17:33:19.953] [Render thread/ERROR] [net.minecraftforge.fml.ModLoader/]: Cowardly refusing to send event net.minecraftforge.client.event.ParticleFactoryRegisterEvent to a broken mod state
[16Nov2021 17:33:19.984] [Render thread/INFO] [com.mojang.text2speech.NarratorWindows/]: Narrator library for x64 successfully loaded
[16Nov2021 17:33:20.050] [Render thread/INFO] [net.minecraft.resources.SimpleReloadableResourceManager/]: Reloading ResourceManager: Default
[16Nov2021 17:33:20.128] [Worker-Main-12/ERROR] [net.minecraftforge.fml.ModLoader/]: Cowardly refusing to send event net.minecraftforge.client.event.ModelRegistryEvent to a broken mod state
[16Nov2021 17:33:20.259] [Worker-Main-9/ERROR] [net.minecraftforge.fml.ModLoader/]: Cowardly refusing to send event net.minecraftforge.client.event.TextureStitchEvent$Pre to a broken mod state
[16Nov2021 17:33:20.266] [Worker-Main-14/ERROR] [net.minecraftforge.fml.ModLoader/]: Cowardly refusing to send event net.minecraftforge.client.event.TextureStitchEvent$Pre to a broken mod state
[16Nov2021 17:33:20.269] [Worker-Main-11/ERROR] [net.minecraftforge.fml.ModLoader/]: Cowardly refusing to send event net.minecraftforge.client.event.TextureStitchEvent$Pre to a broken mod state
[16Nov2021 17:33:23.800] [Worker-Main-12/ERROR] [net.minecraftforge.fml.ModLoader/]: Cowardly refusing to send event net.minecraftforge.client.event.TextureStitchEvent$Pre to a broken mod state
[16Nov2021 17:33:24.152] [Worker-Main-12/ERROR] [net.minecraftforge.fml.ModLoader/]: Cowardly refusing to send event net.minecraftforge.client.event.TextureStitchEvent$Pre to a broken mod state
[16Nov2021 17:33:24.158] [Worker-Main-12/ERROR] [net.minecraftforge.fml.ModLoader/]: Cowardly refusing to send event net.minecraftforge.client.event.TextureStitchEvent$Pre to a broken mod state
[16Nov2021 17:33:24.173] [Worker-Main-12/ERROR] [net.minecraftforge.fml.ModLoader/]: Cowardly refusing to send event net.minecraftforge.client.event.TextureStitchEvent$Pre to a broken mod state
[16Nov2021 17:33:24.185] [Worker-Main-12/ERROR] [net.minecraftforge.fml.ModLoader/]: Cowardly refusing to send event net.minecraftforge.client.event.TextureStitchEvent$Pre to a broken mod state
[16Nov2021 17:33:24.189] [Worker-Main-12/ERROR] [net.minecraftforge.fml.ModLoader/]: Cowardly refusing to send event net.minecraftforge.client.event.TextureStitchEvent$Pre to a broken mod state
[16Nov2021 17:33:24.195] [Worker-Main-12/ERROR] [net.minecraftforge.fml.ModLoader/]: Cowardly refusing to send event net.minecraftforge.client.event.TextureStitchEvent$Pre to a broken mod state
[16Nov2021 17:33:24.378] [Render thread/INFO] [net.minecraft.client.audio.SoundSystem/]: OpenAL initialized.
[16Nov2021 17:33:24.379] [Render thread/INFO] [net.minecraft.client.audio.SoundEngine/SOUNDS]: Sound engine started
[16Nov2021 17:33:24.729] [Render thread/INFO] [net.minecraft.client.renderer.texture.AtlasTexture/]: Created: 1024x512x4 minecraft:textures/atlas/blocks.png-atlas
[16Nov2021 17:33:24.761] [Render thread/ERROR] [net.minecraftforge.fml.ModLoader/]: Cowardly refusing to send event net.minecraftforge.client.event.TextureStitchEvent$Post to a broken mod state
[16Nov2021 17:33:24.762] [Render thread/INFO] [net.minecraft.client.renderer.texture.AtlasTexture/]: Created: 256x128x4 minecraft:textures/atlas/signs.png-atlas
[16Nov2021 17:33:24.762] [Render thread/ERROR] [net.minecraftforge.fml.ModLoader/]: Cowardly refusing to send event net.minecraftforge.client.event.TextureStitchEvent$Post to a broken mod state
[16Nov2021 17:33:24.762] [Render thread/INFO] [net.minecraft.client.renderer.texture.AtlasTexture/]: Created: 512x512x4 minecraft:textures/atlas/banner_patterns.png-atlas
[16Nov2021 17:33:24.763] [Render thread/ERROR] [net.minecraftforge.fml.ModLoader/]: Cowardly refusing to send event net.minecraftforge.client.event.TextureStitchEvent$Post to a broken mod state
[16Nov2021 17:33:24.763] [Render thread/INFO] [net.minecraft.client.renderer.texture.AtlasTexture/]: Created: 512x512x4 minecraft:textures/atlas/shield_patterns.png-atlas
[16Nov2021 17:33:24.764] [Render thread/ERROR] [net.minecraftforge.fml.ModLoader/]: Cowardly refusing to send event net.minecraftforge.client.event.TextureStitchEvent$Post to a broken mod state
[16Nov2021 17:33:24.764] [Render thread/INFO] [net.minecraft.client.renderer.texture.AtlasTexture/]: Created: 256x256x4 minecraft:textures/atlas/chest.png-atlas
[16Nov2021 17:33:24.764] [Render thread/ERROR] [net.minecraftforge.fml.ModLoader/]: Cowardly refusing to send event net.minecraftforge.client.event.TextureStitchEvent$Post to a broken mod state
[16Nov2021 17:33:24.764] [Render thread/INFO] [net.minecraft.client.renderer.texture.AtlasTexture/]: Created: 512x256x4 minecraft:textures/atlas/beds.png-atlas
[16Nov2021 17:33:24.764] [Render thread/ERROR] [net.minecraftforge.fml.ModLoader/]: Cowardly refusing to send event net.minecraftforge.client.event.TextureStitchEvent$Post to a broken mod state
[16Nov2021 17:33:24.764] [Render thread/INFO] [net.minecraft.client.renderer.texture.AtlasTexture/]: Created: 512x256x4 minecraft:textures/atlas/shulker_boxes.png-atlas
[16Nov2021 17:33:24.766] [Render thread/ERROR] [net.minecraftforge.fml.ModLoader/]: Cowardly refusing to send event net.minecraftforge.client.event.TextureStitchEvent$Post to a broken mod state
[16Nov2021 17:33:25.144] [Render thread/ERROR] [net.minecraftforge.fml.ModLoader/]: Cowardly refusing to send event net.minecraftforge.client.event.ModelBakeEvent to a broken mod state
[16Nov2021 17:33:25.501] [Render thread/INFO] [net.minecraft.client.renderer.texture.AtlasTexture/]: Created: 256x256x0 minecraft:textures/atlas/particles.png-atlas
[16Nov2021 17:33:25.502] [Render thread/ERROR] [net.minecraftforge.fml.ModLoader/]: Cowardly refusing to send event net.minecraftforge.client.event.TextureStitchEvent$Post to a broken mod state
[16Nov2021 17:33:25.503] [Render thread/INFO] [net.minecraft.client.renderer.texture.AtlasTexture/]: Created: 256x256x0 minecraft:textures/atlas/paintings.png-atlas
[16Nov2021 17:33:25.504] [Render thread/ERROR] [net.minecraftforge.fml.ModLoader/]: Cowardly refusing to send event net.minecraftforge.client.event.TextureStitchEvent$Post to a broken mod state
[16Nov2021 17:33:25.504] [Render thread/INFO] [net.minecraft.client.renderer.texture.AtlasTexture/]: Created: 128x128x0 minecraft:textures/atlas/mob_effects.png-atlas
[16Nov2021 17:33:25.504] [Render thread/ERROR] [net.minecraftforge.fml.ModLoader/]: Cowardly refusing to send event net.minecraftforge.client.event.TextureStitchEvent$Post to a broken mod state
[16Nov2021 17:33:25.623] [Render thread/INFO] [STDOUT/]: [net.minecraft.crash.CrashReport:makeCategoryDepth:227]: Negative index in crash report handler (21/23)
[16Nov2021 17:33:25.633] [Render thread/FATAL] [net.minecraftforge.fml.client.ClientModLoader/]: Crash report saved to .\crash-reports\crash-2021-11-16_17.33.25-fml.txt
