[16Nov2021 20:07:30.090] [main/INFO] [cpw.mods.modlauncher.Launcher/MODLAUNCHER]: ModLauncher running: args [--gameDir, ., --launchTarget, fmluserdevclient, --fml.mcpVersion, 20201102.104115, --fml.mcVersion, 1.16.4, --fml.forgeGroup, net.minecraftforge, --fml.forgeVersion, 35.1.4, --version, MOD_DEV, --assetIndex, 1.16, --assetsDir, C:\Users\Evan\.gradle\caches\forge_gradle\assets, --username, Dev, --accessToken, ????????, --userProperties, {}]
[16Nov2021 20:07:30.093] [main/INFO] [cpw.mods.modlauncher.Launcher/MODLAUNCHER]: ModLauncher 8.0.6+85+master.325de55 starting: java version 1.8.0_302 by Temurin
[16Nov2021 20:07:30.420] [main/INFO] [net.minecraftforge.fml.loading.FixSSL/CORE]: Added Lets Encrypt root certificates as additional trust
[16Nov2021 20:07:30.451] [main/INFO] [mixin/]: SpongePowered MIXIN Subsystem Version=0.8.2 Source=file:/C:/Users/Evan/.gradle/caches/modules-2/files-2.1/org.spongepowered/mixin/0.8.2/1cf212283d26f706fd3074318870bebd14d2a9ed/mixin-0.8.2.jar Service=ModLauncher Env=CLIENT
[16Nov2021 20:07:31.282] [main/FATAL] [net.minecraftforge.fml.loading.moddiscovery.ModInfo/]: Invalid modId found in file D:\Eclipse\Miencraf\forge-1.16.4-35.1.4-mdk\bin\main - FunnySquirrel does not match the standard: ^[a-z][a-z0-9_-]{1,63}$
[16Nov2021 20:07:31.283] [main/INFO] [STDERR/]: [java.lang.ThreadGroup:uncaughtException:1052]: net.minecraftforge.fml.loading.moddiscovery.InvalidModFileException: Invalid modId found : FunnySquirrel (main)
[16Nov2021 20:07:31.283] [main/INFO] [STDERR/]: [java.lang.ThreadGroup:uncaughtException:1052]: 	at net.minecraftforge.fml.loading.moddiscovery.ModInfo.<init>(ModInfo.java:69)
[16Nov2021 20:07:31.283] [main/INFO] [STDERR/]: [java.lang.ThreadGroup:uncaughtException:1052]: 	at net.minecraftforge.fml.loading.moddiscovery.ModFileInfo.lambda$new$2(ModFileInfo.java:94)
[16Nov2021 20:07:31.283] [main/INFO] [STDERR/]: [java.lang.ThreadGroup:uncaughtException:1052]: 	at java.util.stream.ReferencePipeline$3$1.accept(ReferencePipeline.java:193)
[16Nov2021 20:07:31.284] [main/INFO] [STDERR/]: [java.lang.ThreadGroup:uncaughtException:1052]: 	at java.util.ArrayList$ArrayListSpliterator.forEachRemaining(ArrayList.java:1384)
[16Nov2021 20:07:31.284] [main/INFO] [STDERR/]: [java.lang.ThreadGroup:uncaughtException:1052]: 	at java.util.stream.AbstractPipeline.copyInto(AbstractPipeline.java:482)
[16Nov2021 20:07:31.284] [main/INFO] [STDERR/]: [java.lang.ThreadGroup:uncaughtException:1052]: 	at java.util.stream.AbstractPipeline.wrapAndCopyInto(AbstractPipeline.java:472)
[16Nov2021 20:07:31.284] [main/INFO] [STDERR/]: [java.lang.ThreadGroup:uncaughtException:1052]: 	at java.util.stream.ReduceOps$ReduceOp.evaluateSequential(ReduceOps.java:708)
[16Nov2021 20:07:31.284] [main/INFO] [STDERR/]: [java.lang.ThreadGroup:uncaughtException:1052]: 	at java.util.stream.AbstractPipeline.evaluate(AbstractPipeline.java:234)
[16Nov2021 20:07:31.284] [main/INFO] [STDERR/]: [java.lang.ThreadGroup:uncaughtException:1052]: 	at java.util.stream.ReferencePipeline.collect(ReferencePipeline.java:566)
[16Nov2021 20:07:31.284] [main/INFO] [STDERR/]: [java.lang.ThreadGroup:uncaughtException:1052]: 	at net.minecraftforge.fml.loading.moddiscovery.ModFileInfo.<init>(ModFileInfo.java:95)
[16Nov2021 20:07:31.285] [main/INFO] [STDERR/]: [java.lang.ThreadGroup:uncaughtException:1052]: 	at net.minecraftforge.fml.loading.moddiscovery.ModFileParser.modsTomlParser(ModFileParser.java:62)
[16Nov2021 20:07:31.285] [main/INFO] [STDERR/]: [java.lang.ThreadGroup:uncaughtException:1052]: 	at net.minecraftforge.fml.loading.moddiscovery.ModFileParser.readModList(ModFileParser.java:46)
[16Nov2021 20:07:31.285] [main/INFO] [STDERR/]: [java.lang.ThreadGroup:uncaughtException:1052]: 	at net.minecraftforge.fml.loading.moddiscovery.ModFile.identifyMods(ModFile.java:113)
[16Nov2021 20:07:31.285] [main/INFO] [STDERR/]: [java.lang.ThreadGroup:uncaughtException:1052]: 	at net.minecraftforge.fml.loading.moddiscovery.ModDiscoverer.discoverMods(ModDiscoverer.java:120)
[16Nov2021 20:07:31.285] [main/INFO] [STDERR/]: [java.lang.ThreadGroup:uncaughtException:1052]: 	at net.minecraftforge.fml.loading.FMLLoader.beginModScan(FMLLoader.java:215)
[16Nov2021 20:07:31.286] [main/INFO] [STDERR/]: [java.lang.ThreadGroup:uncaughtException:1052]: 	at net.minecraftforge.fml.loading.FMLServiceProvider.runScan(FMLServiceProvider.java:107)
[16Nov2021 20:07:31.286] [main/INFO] [STDERR/]: [java.lang.ThreadGroup:uncaughtException:1052]: 	at cpw.mods.modlauncher.TransformationServiceDecorator.runScan(TransformationServiceDecorator.java:114)
[16Nov2021 20:07:31.286] [main/INFO] [STDERR/]: [java.lang.ThreadGroup:uncaughtException:1052]: 	at cpw.mods.modlauncher.TransformationServicesHandler.lambda$runScanningTransformationServices$8(TransformationServicesHandler.java:115)
[16Nov2021 20:07:31.286] [main/INFO] [STDERR/]: [java.lang.ThreadGroup:uncaughtException:1052]: 	at java.util.stream.ReferencePipeline$7$1.accept(ReferencePipeline.java:269)
[16Nov2021 20:07:31.286] [main/INFO] [STDERR/]: [java.lang.ThreadGroup:uncaughtException:1052]: 	at java.util.HashMap$ValueSpliterator.forEachRemaining(HashMap.java:1628)
[16Nov2021 20:07:31.287] [main/INFO] [STDERR/]: [java.lang.ThreadGroup:uncaughtException:1052]: 	at java.util.stream.AbstractPipeline.copyInto(AbstractPipeline.java:482)
[16Nov2021 20:07:31.287] [main/INFO] [STDERR/]: [java.lang.ThreadGroup:uncaughtException:1052]: 	at java.util.stream.AbstractPipeline.wrapAndCopyInto(AbstractPipeline.java:472)
[16Nov2021 20:07:31.288] [main/INFO] [STDERR/]: [java.lang.ThreadGroup:uncaughtException:1052]: 	at java.util.stream.ReduceOps$ReduceOp.evaluateSequential(ReduceOps.java:708)
[16Nov2021 20:07:31.288] [main/INFO] [STDERR/]: [java.lang.ThreadGroup:uncaughtException:1052]: 	at java.util.stream.AbstractPipeline.evaluate(AbstractPipeline.java:234)
[16Nov2021 20:07:31.288] [main/INFO] [STDERR/]: [java.lang.ThreadGroup:uncaughtException:1052]: 	at java.util.stream.ReferencePipeline.collect(ReferencePipeline.java:566)
[16Nov2021 20:07:31.288] [main/INFO] [STDERR/]: [java.lang.ThreadGroup:uncaughtException:1052]: 	at cpw.mods.modlauncher.TransformationServicesHandler.runScanningTransformationServices(TransformationServicesHandler.java:116)
[16Nov2021 20:07:31.288] [main/INFO] [STDERR/]: [java.lang.ThreadGroup:uncaughtException:1052]: 	at cpw.mods.modlauncher.TransformationServicesHandler.initializeTransformationServices(TransformationServicesHandler.java:63)
[16Nov2021 20:07:31.289] [main/INFO] [STDERR/]: [java.lang.ThreadGroup:uncaughtException:1052]: 	at cpw.mods.modlauncher.Launcher.run(Launcher.java:76)
[16Nov2021 20:07:31.289] [main/INFO] [STDERR/]: [java.lang.ThreadGroup:uncaughtException:1052]: 	at cpw.mods.modlauncher.Launcher.main(Launcher.java:66)
[16Nov2021 20:07:31.289] [main/INFO] [STDERR/]: [java.lang.ThreadGroup:uncaughtException:1052]: 	at net.minecraftforge.userdev.LaunchTesting.main(LaunchTesting.java:105)
